[0.530s] Invoking command in '/home/shiva/Documents/ros2_robotic_arm_repo/src/robotic_arm': PYTHONPATH=/home/shiva/Documents/ros2_robotic_arm_repo/build/robotic_arm/prefix_override:/home/shiva/Documents/ros2_robotic_arm_repo/install/robotic_arm/lib/python3.10/site-packages:${PYTHONPATH} /usr/bin/python3 setup.py egg_info --egg-base ../../build/robotic_arm build --build-base /home/shiva/Documents/ros2_robotic_arm_repo/build/robotic_arm/build install --record /home/shiva/Documents/ros2_robotic_arm_repo/build/robotic_arm/install.log --single-version-externally-managed
[0.740s] running egg_info
[0.741s] writing ../../build/robotic_arm/robotic_arm.egg-info/PKG-INFO
[0.741s] writing dependency_links to ../../build/robotic_arm/robotic_arm.egg-info/dependency_links.txt
[0.741s] writing entry points to ../../build/robotic_arm/robotic_arm.egg-info/entry_points.txt
[0.741s] writing requirements to ../../build/robotic_arm/robotic_arm.egg-info/requires.txt
[0.741s] writing top-level names to ../../build/robotic_arm/robotic_arm.egg-info/top_level.txt
[0.742s] reading manifest file '../../build/robotic_arm/robotic_arm.egg-info/SOURCES.txt'
[0.743s] writing manifest file '../../build/robotic_arm/robotic_arm.egg-info/SOURCES.txt'
[0.743s] running build
[0.743s] running build_py
[0.743s] running install
[0.743s] running install_lib
[0.744s] running install_data
[0.745s] copying package.xml -> /home/shiva/Documents/ros2_robotic_arm_repo/install/robotic_arm/share/robotic_arm
[0.745s] running install_egg_info
[0.746s] removing '/home/shiva/Documents/ros2_robotic_arm_repo/install/robotic_arm/lib/python3.10/site-packages/robotic_arm-0.0.0-py3.10.egg-info' (and everything under it)
[0.746s] Copying ../../build/robotic_arm/robotic_arm.egg-info to /home/shiva/Documents/ros2_robotic_arm_repo/install/robotic_arm/lib/python3.10/site-packages/robotic_arm-0.0.0-py3.10.egg-info
[0.747s] running install_scripts
[0.763s] writing list of installed files to '/home/shiva/Documents/ros2_robotic_arm_repo/build/robotic_arm/install.log'
[0.784s] Invoked command in '/home/shiva/Documents/ros2_robotic_arm_repo/src/robotic_arm' returned '0': PYTHONPATH=/home/shiva/Documents/ros2_robotic_arm_repo/build/robotic_arm/prefix_override:/home/shiva/Documents/ros2_robotic_arm_repo/install/robotic_arm/lib/python3.10/site-packages:${PYTHONPATH} /usr/bin/python3 setup.py egg_info --egg-base ../../build/robotic_arm build --build-base /home/shiva/Documents/ros2_robotic_arm_repo/build/robotic_arm/build install --record /home/shiva/Documents/ros2_robotic_arm_repo/build/robotic_arm/install.log --single-version-externally-managed
