[0.434s] DEBUG:colcon:Command line arguments: ['/usr/bin/colcon', 'list', '-p', '--base-paths', '/home/shiva/Documents/ros2_robotic_arm_repo']
[0.436s] DEBUG:colcon:Parsed command line arguments: Namespace(log_base=None, log_level=None, verb_name='list', build_base='build', ignore_user_meta=False, metas=['./colcon.meta'], base_paths=['/home/shiva/Documents/ros2_robotic_arm_repo'], packages_ignore=None, packages_ignore_regex=None, paths=None, packages_up_to=None, packages_up_to_regex=None, packages_above=None, packages_above_and_dependencies=None, packages_above_depth=None, packages_select_by_dep=None, packages_skip_by_dep=None, packages_skip_up_to=None, packages_select_build_failed=False, packages_skip_build_finished=False, packages_select_test_failures=False, packages_skip_test_passed=False, packages_select=None, packages_skip=None, packages_select_regex=None, packages_skip_regex=None, packages_start=None, packages_end=None, allow_overriding=[], topological_order=False, names_only=False, paths_only=True, topological_graph=False, topological_graph_dot=False, topological_graph_density=False, topological_graph_legend=False, topological_graph_dot_cluster=False, topological_graph_dot_include_skipped=False, verb_parser=<colcon_defaults.argument_parser.defaults.DefaultArgumentsDecorator object at 0x7f24af2a7c70>, verb_extension=<colcon_package_information.verb.list.ListVerb object at 0x7f24af262d40>, main=<bound method ListVerb.main of <colcon_package_information.verb.list.ListVerb object at 0x7f24af262d40>>)
[0.513s] Level 1:colcon.colcon_core.package_discovery:discover_packages(colcon_meta) check parameters
[0.513s] Level 1:colcon.colcon_core.package_discovery:discover_packages(recursive) check parameters
[0.513s] Level 1:colcon.colcon_core.package_discovery:discover_packages(ignore) check parameters
[0.513s] Level 1:colcon.colcon_core.package_discovery:discover_packages(path) check parameters
[0.513s] Level 1:colcon.colcon_core.package_discovery:discover_packages(recursive) discover
[0.513s] INFO:colcon.colcon_core.package_discovery:Crawling recursively for packages in '/home/shiva/Documents/ros2_robotic_arm_repo'
[0.513s] Level 1:colcon.colcon_core.package_identification:_identify(/home/shiva/Documents/ros2_robotic_arm_repo) by extensions ['ignore', 'ignore_ament_install']
[0.513s] Level 1:colcon.colcon_core.package_identification:_identify(/home/shiva/Documents/ros2_robotic_arm_repo) by extension 'ignore'
[0.514s] Level 1:colcon.colcon_core.package_identification:_identify(/home/shiva/Documents/ros2_robotic_arm_repo) by extension 'ignore_ament_install'
[0.514s] Level 1:colcon.colcon_core.package_identification:_identify(/home/shiva/Documents/ros2_robotic_arm_repo) by extensions ['colcon_pkg']
[0.514s] Level 1:colcon.colcon_core.package_identification:_identify(/home/shiva/Documents/ros2_robotic_arm_repo) by extension 'colcon_pkg'
[0.514s] Level 1:colcon.colcon_core.package_identification:_identify(/home/shiva/Documents/ros2_robotic_arm_repo) by extensions ['colcon_meta']
[0.514s] Level 1:colcon.colcon_core.package_identification:_identify(/home/shiva/Documents/ros2_robotic_arm_repo) by extension 'colcon_meta'
[0.514s] Level 1:colcon.colcon_core.package_identification:_identify(/home/shiva/Documents/ros2_robotic_arm_repo) by extensions ['ros']
[0.514s] Level 1:colcon.colcon_core.package_identification:_identify(/home/shiva/Documents/ros2_robotic_arm_repo) by extension 'ros'
[0.542s] Level 1:colcon.colcon_core.package_identification:_identify(/home/shiva/Documents/ros2_robotic_arm_repo) by extensions ['cmake', 'python']
[0.542s] Level 1:colcon.colcon_core.package_identification:_identify(/home/shiva/Documents/ros2_robotic_arm_repo) by extension 'cmake'
[0.542s] Level 1:colcon.colcon_core.package_identification:_identify(/home/shiva/Documents/ros2_robotic_arm_repo) by extension 'python'
[0.542s] Level 1:colcon.colcon_core.package_identification:_identify(/home/shiva/Documents/ros2_robotic_arm_repo) by extensions ['python_setup_py']
[0.542s] Level 1:colcon.colcon_core.package_identification:_identify(/home/shiva/Documents/ros2_robotic_arm_repo) by extension 'python_setup_py'
[0.542s] Level 1:colcon.colcon_core.package_identification:_identify(/home/shiva/Documents/ros2_robotic_arm_repo/build) by extensions ['ignore', 'ignore_ament_install']
[0.542s] Level 1:colcon.colcon_core.package_identification:_identify(/home/shiva/Documents/ros2_robotic_arm_repo/build) by extension 'ignore'
[0.543s] Level 1:colcon.colcon_core.package_identification:_identify(/home/shiva/Documents/ros2_robotic_arm_repo/build) ignored
[0.543s] Level 1:colcon.colcon_core.package_identification:_identify(/home/shiva/Documents/ros2_robotic_arm_repo/install) by extensions ['ignore', 'ignore_ament_install']
[0.543s] Level 1:colcon.colcon_core.package_identification:_identify(/home/shiva/Documents/ros2_robotic_arm_repo/install) by extension 'ignore'
[0.543s] Level 1:colcon.colcon_core.package_identification:_identify(/home/shiva/Documents/ros2_robotic_arm_repo/install) ignored
[0.543s] Level 1:colcon.colcon_core.package_identification:_identify(/home/shiva/Documents/ros2_robotic_arm_repo/log) by extensions ['ignore', 'ignore_ament_install']
[0.543s] Level 1:colcon.colcon_core.package_identification:_identify(/home/shiva/Documents/ros2_robotic_arm_repo/log) by extension 'ignore'
[0.543s] Level 1:colcon.colcon_core.package_identification:_identify(/home/shiva/Documents/ros2_robotic_arm_repo/log) ignored
[0.544s] Level 1:colcon.colcon_core.package_identification:_identify(/home/shiva/Documents/ros2_robotic_arm_repo/src) by extensions ['ignore', 'ignore_ament_install']
[0.544s] Level 1:colcon.colcon_core.package_identification:_identify(/home/shiva/Documents/ros2_robotic_arm_repo/src) by extension 'ignore'
[0.544s] Level 1:colcon.colcon_core.package_identification:_identify(/home/shiva/Documents/ros2_robotic_arm_repo/src) by extension 'ignore_ament_install'
[0.544s] Level 1:colcon.colcon_core.package_identification:_identify(/home/shiva/Documents/ros2_robotic_arm_repo/src) by extensions ['colcon_pkg']
[0.544s] Level 1:colcon.colcon_core.package_identification:_identify(/home/shiva/Documents/ros2_robotic_arm_repo/src) by extension 'colcon_pkg'
[0.544s] Level 1:colcon.colcon_core.package_identification:_identify(/home/shiva/Documents/ros2_robotic_arm_repo/src) by extensions ['colcon_meta']
[0.544s] Level 1:colcon.colcon_core.package_identification:_identify(/home/shiva/Documents/ros2_robotic_arm_repo/src) by extension 'colcon_meta'
[0.544s] Level 1:colcon.colcon_core.package_identification:_identify(/home/shiva/Documents/ros2_robotic_arm_repo/src) by extensions ['ros']
[0.544s] Level 1:colcon.colcon_core.package_identification:_identify(/home/shiva/Documents/ros2_robotic_arm_repo/src) by extension 'ros'
[0.544s] Level 1:colcon.colcon_core.package_identification:_identify(/home/shiva/Documents/ros2_robotic_arm_repo/src) by extensions ['cmake', 'python']
[0.544s] Level 1:colcon.colcon_core.package_identification:_identify(/home/shiva/Documents/ros2_robotic_arm_repo/src) by extension 'cmake'
[0.544s] Level 1:colcon.colcon_core.package_identification:_identify(/home/shiva/Documents/ros2_robotic_arm_repo/src) by extension 'python'
[0.545s] Level 1:colcon.colcon_core.package_identification:_identify(/home/shiva/Documents/ros2_robotic_arm_repo/src) by extensions ['python_setup_py']
[0.545s] Level 1:colcon.colcon_core.package_identification:_identify(/home/shiva/Documents/ros2_robotic_arm_repo/src) by extension 'python_setup_py'
[0.545s] Level 1:colcon.colcon_core.package_identification:_identify(/home/shiva/Documents/ros2_robotic_arm_repo/src/robotic_arm) by extensions ['ignore', 'ignore_ament_install']
[0.545s] Level 1:colcon.colcon_core.package_identification:_identify(/home/shiva/Documents/ros2_robotic_arm_repo/src/robotic_arm) by extension 'ignore'
[0.545s] Level 1:colcon.colcon_core.package_identification:_identify(/home/shiva/Documents/ros2_robotic_arm_repo/src/robotic_arm) by extension 'ignore_ament_install'
[0.545s] Level 1:colcon.colcon_core.package_identification:_identify(/home/shiva/Documents/ros2_robotic_arm_repo/src/robotic_arm) by extensions ['colcon_pkg']
[0.545s] Level 1:colcon.colcon_core.package_identification:_identify(/home/shiva/Documents/ros2_robotic_arm_repo/src/robotic_arm) by extension 'colcon_pkg'
[0.545s] Level 1:colcon.colcon_core.package_identification:_identify(/home/shiva/Documents/ros2_robotic_arm_repo/src/robotic_arm) by extensions ['colcon_meta']
[0.545s] Level 1:colcon.colcon_core.package_identification:_identify(/home/shiva/Documents/ros2_robotic_arm_repo/src/robotic_arm) by extension 'colcon_meta'
[0.545s] Level 1:colcon.colcon_core.package_identification:_identify(/home/shiva/Documents/ros2_robotic_arm_repo/src/robotic_arm) by extensions ['ros']
[0.545s] Level 1:colcon.colcon_core.package_identification:_identify(/home/shiva/Documents/ros2_robotic_arm_repo/src/robotic_arm) by extension 'ros'
[0.548s] DEBUG:colcon.colcon_core.package_identification:Package '/home/shiva/Documents/ros2_robotic_arm_repo/src/robotic_arm' with type 'ros.ament_python' and name 'robotic_arm'
[0.548s] Level 1:colcon.colcon_core.package_discovery:discover_packages(recursive) using defaults
