[0.574s] Invoking command in '/home/shiva/Documents/ros2_robotic_arm_repo/src/robotic_arm': PYTHONPATH=/home/shiva/Documents/ros2_robotic_arm_repo/build/robotic_arm/prefix_override:/home/shiva/Documents/ros2_robotic_arm_repo/install/robotic_arm/lib/python3.10/site-packages:${PYTHONPATH} /usr/bin/python3 setup.py egg_info --egg-base ../../build/robotic_arm build --build-base /home/shiva/Documents/ros2_robotic_arm_repo/build/robotic_arm/build install --record /home/shiva/Documents/ros2_robotic_arm_repo/build/robotic_arm/install.log --single-version-externally-managed
[0.789s] running egg_info
[0.790s] creating ../../build/robotic_arm/robotic_arm.egg-info
[0.790s] writing ../../build/robotic_arm/robotic_arm.egg-info/PKG-INFO
[0.790s] writing dependency_links to ../../build/robotic_arm/robotic_arm.egg-info/dependency_links.txt
[0.790s] writing entry points to ../../build/robotic_arm/robotic_arm.egg-info/entry_points.txt
[0.790s] writing requirements to ../../build/robotic_arm/robotic_arm.egg-info/requires.txt
[0.791s] writing top-level names to ../../build/robotic_arm/robotic_arm.egg-info/top_level.txt
[0.791s] writing manifest file '../../build/robotic_arm/robotic_arm.egg-info/SOURCES.txt'
[0.792s] reading manifest file '../../build/robotic_arm/robotic_arm.egg-info/SOURCES.txt'
[0.792s] writing manifest file '../../build/robotic_arm/robotic_arm.egg-info/SOURCES.txt'
[0.792s] running build
[0.792s] running build_py
[0.792s] creating /home/shiva/Documents/ros2_robotic_arm_repo/build/robotic_arm/build
[0.792s] creating /home/shiva/Documents/ros2_robotic_arm_repo/build/robotic_arm/build/lib
[0.792s] creating /home/shiva/Documents/ros2_robotic_arm_repo/build/robotic_arm/build/lib/robotic_arm
[0.792s] copying robotic_arm/__init__.py -> /home/shiva/Documents/ros2_robotic_arm_repo/build/robotic_arm/build/lib/robotic_arm
[0.793s] running install
[0.793s] running install_lib
[0.793s] creating /home/shiva/Documents/ros2_robotic_arm_repo/install/robotic_arm/lib/python3.10/site-packages/robotic_arm
[0.793s] copying /home/shiva/Documents/ros2_robotic_arm_repo/build/robotic_arm/build/lib/robotic_arm/__init__.py -> /home/shiva/Documents/ros2_robotic_arm_repo/install/robotic_arm/lib/python3.10/site-packages/robotic_arm
[0.794s] byte-compiling /home/shiva/Documents/ros2_robotic_arm_repo/install/robotic_arm/lib/python3.10/site-packages/robotic_arm/__init__.py to __init__.cpython-310.pyc
[0.794s] running install_data
[0.794s] creating /home/shiva/Documents/ros2_robotic_arm_repo/install/robotic_arm/share
[0.794s] creating /home/shiva/Documents/ros2_robotic_arm_repo/install/robotic_arm/share/ament_index
[0.794s] creating /home/shiva/Documents/ros2_robotic_arm_repo/install/robotic_arm/share/ament_index/resource_index
[0.794s] creating /home/shiva/Documents/ros2_robotic_arm_repo/install/robotic_arm/share/ament_index/resource_index/packages
[0.795s] copying resource/robotic_arm -> /home/shiva/Documents/ros2_robotic_arm_repo/install/robotic_arm/share/ament_index/resource_index/packages
[0.795s] creating /home/shiva/Documents/ros2_robotic_arm_repo/install/robotic_arm/share/robotic_arm
[0.795s] copying package.xml -> /home/shiva/Documents/ros2_robotic_arm_repo/install/robotic_arm/share/robotic_arm
[0.795s] running install_egg_info
[0.796s] Copying ../../build/robotic_arm/robotic_arm.egg-info to /home/shiva/Documents/ros2_robotic_arm_repo/install/robotic_arm/lib/python3.10/site-packages/robotic_arm-0.0.0-py3.10.egg-info
[0.796s] running install_scripts
[0.812s] writing list of installed files to '/home/shiva/Documents/ros2_robotic_arm_repo/build/robotic_arm/install.log'
[0.833s] Invoked command in '/home/shiva/Documents/ros2_robotic_arm_repo/src/robotic_arm' returned '0': PYTHONPATH=/home/shiva/Documents/ros2_robotic_arm_repo/build/robotic_arm/prefix_override:/home/shiva/Documents/ros2_robotic_arm_repo/install/robotic_arm/lib/python3.10/site-packages:${PYTHONPATH} /usr/bin/python3 setup.py egg_info --egg-base ../../build/robotic_arm build --build-base /home/shiva/Documents/ros2_robotic_arm_repo/build/robotic_arm/build install --record /home/shiva/Documents/ros2_robotic_arm_repo/build/robotic_arm/install.log --single-version-externally-managed
